2025-05-17T19:20:09.285+05:30  INFO 21280 --- [j] [main] com.bankingApp.j.JApplication            : Starting JApplication using Java 21.0.6 with PID 21280 (C:\Users\10827937\OneDrive - LTIMindtree\Desktop\WorkSpaceProper\j\target\classes started by 10827937 in C:\Users\10827937\OneDrive - LTIMindtree\Desktop\WorkSpaceProper)
2025-05-17T19:20:09.298+05:30  INFO 21280 --- [j] [main] com.bankingApp.j.JApplication            : No active profile set, falling back to 1 default profile: "default"
2025-05-17T19:20:11.584+05:30  INFO 21280 --- [j] [main] o.s.b.w.embedded.tomcat.TomcatWebServer  : Tomcat initialized with port 8080 (http)
2025-05-17T19:20:11.605+05:30  INFO 21280 --- [j] [main] o.apache.catalina.core.StandardService   : Starting service [Tomcat]
2025-05-17T19:20:11.606+05:30  INFO 21280 --- [j] [main] o.apache.catalina.core.StandardEngine    : Starting Servlet engine: [Apache Tomcat/10.1.40]
2025-05-17T19:20:11.680+05:30  INFO 21280 --- [j] [main] o.a.c.c.C.[Tomcat].[localhost].[/]       : Initializing Spring embedded WebApplicationContext
2025-05-17T19:20:11.681+05:30  INFO 21280 --- [j] [main] w.s.c.ServletWebServerApplicationContext : Root WebApplicationContext: initialization completed in 2299 ms
2025-05-17T19:20:12.508+05:30  INFO 21280 --- [j] [main] o.s.v.b.OptionalValidatorFactoryBean     : Failed to set up a Bean Validation provider: jakarta.validation.NoProviderFoundException: Unable to create a Configuration, because no Jakarta Bean Validation provider could be found. Add a provider like Hibernate Validator (RI) to your classpath.
2025-05-17T19:20:14.163+05:30  INFO 21280 --- [j] [main] o.s.b.a.e.web.EndpointLinksResolver      : Exposing 15 endpoints beneath base path '/actuator'
2025-05-17T19:20:14.354+05:30  INFO 21280 --- [j] [main] o.s.b.w.embedded.tomcat.TomcatWebServer  : Tomcat started on port 8080 (http) with context path '/'
2025-05-17T19:20:14.371+05:30  INFO 21280 --- [j] [main] com.bankingApp.j.JApplication            : Started JApplication in 5.824 seconds (process running for 6.355)
2025-05-17T19:20:14.603+05:30  WARN 21280 --- [j] [registrationTask1] d.c.b.a.c.r.ApplicationRegistrator       : Failed to register application as Application(name=j, managementUrl=http://5CD413013B:8080/actuator, healthUrl=http://5CD413013B:8080/actuator/health, serviceUrl=http://5CD413013B:8080/) at spring-boot-admin ([http://localhost:8081/instances]): I/O error on POST request for "http://localhost:8081/instances": null. Further attempts are logged on DEBUG level
2025-05-17T19:20:15.138+05:30  INFO 21280 --- [j] [RMI TCP Connection(2)-127.0.0.1] o.a.c.c.C.[Tomcat].[localhost].[/]       : Initializing Spring DispatcherServlet 'dispatcherServlet'
2025-05-17T19:20:15.139+05:30  INFO 21280 --- [j] [RMI TCP Connection(2)-127.0.0.1] o.s.web.servlet.DispatcherServlet        : Initializing Servlet 'dispatcherServlet'
2025-05-17T19:20:15.140+05:30  INFO 21280 --- [j] [RMI TCP Connection(2)-127.0.0.1] o.s.web.servlet.DispatcherServlet        : Completed initialization in 1 ms
2025-05-17T19:20:23.789+05:30  INFO 21280 --- [j] [http-nio-8080-exec-2] com.bankingApp.j.aspect.LoggingAspect    : Executing method: createEmployee with arguments: [com.bankingApp.j.model.Employee@fb65489]
2025-05-17T19:20:23.789+05:30  INFO 21280 --- [j] [http-nio-8080-exec-2] com.bankingApp.j.aspect.LoggingAspect    : Method createEmployee executed successfully, returning: com.bankingApp.j.model.Employee@fb65489
2025-05-17T19:20:23.842+05:30  INFO 21280 --- [j] [http-nio-8080-exec-8] com.bankingApp.j.aspect.LoggingAspect    : Executing method: getAllEmployees with arguments: []
2025-05-17T19:20:23.843+05:30  INFO 21280 --- [j] [http-nio-8080-exec-8] com.bankingApp.j.aspect.LoggingAspect    : Method getAllEmployees executed successfully, returning: [com.bankingApp.j.model.Employee@fb65489]
2025-05-17T19:20:30.525+05:30  INFO 21280 --- [j] [http-nio-8080-exec-10] com.bankingApp.j.aspect.LoggingAspect    : Executing method: deleteEmployee with arguments: [1]
2025-05-17T19:20:30.525+05:30  INFO 21280 --- [j] [http-nio-8080-exec-10] com.bankingApp.j.aspect.LoggingAspect    : Method deleteEmployee executed successfully, returning: null
2025-05-17T19:20:30.542+05:30  INFO 21280 --- [j] [http-nio-8080-exec-3] com.bankingApp.j.aspect.LoggingAspect    : Executing method: getAllEmployees with arguments: []
2025-05-17T19:20:30.542+05:30  INFO 21280 --- [j] [http-nio-8080-exec-3] com.bankingApp.j.aspect.LoggingAspect    : Method getAllEmployees executed successfully, returning: []
2025-05-17 19:31:51 [main] INFO  com.bankingApp.j.JApplication - Starting JApplication using Java 21.0.6 with PID 7860 (C:\Users\10827937\OneDrive - LTIMindtree\Desktop\WorkSpaceProper\j\target\classes started by 10827937 in C:\Users\10827937\OneDrive - LTIMindtree\Desktop\WorkSpaceProper)
2025-05-17 19:31:51 [main] INFO  com.bankingApp.j.JApplication - No active profile set, falling back to 1 default profile: "default"
2025-05-17 19:31:54 [main] INFO  o.s.b.w.e.tomcat.TomcatWebServer - Tomcat initialized with port 8080 (http)
2025-05-17 19:31:54 [main] INFO  o.a.coyote.http11.Http11NioProtocol - Initializing ProtocolHandler ["http-nio-8080"]
2025-05-17 19:31:54 [main] INFO  o.a.catalina.core.StandardService - Starting service [Tomcat]
2025-05-17 19:31:54 [main] INFO  o.a.catalina.core.StandardEngine - Starting Servlet engine: [Apache Tomcat/10.1.40]
2025-05-17 19:31:54 [main] INFO  o.a.c.c.C.[Tomcat].[localhost].[/] - Initializing Spring embedded WebApplicationContext
2025-05-17 19:31:54 [main] INFO  o.s.b.w.s.c.ServletWebServerApplicationContext - Root WebApplicationContext: initialization completed in 2219 ms
2025-05-17 19:31:55 [main] INFO  o.s.v.b.OptionalValidatorFactoryBean - Failed to set up a Bean Validation provider: jakarta.validation.NoProviderFoundException: Unable to create a Configuration, because no Jakarta Bean Validation provider could be found. Add a provider like Hibernate Validator (RI) to your classpath.
2025-05-17 19:31:56 [main] INFO  o.s.b.a.e.web.EndpointLinksResolver - Exposing 15 endpoints beneath base path '/actuator'
2025-05-17 19:31:56 [main] INFO  o.a.coyote.http11.Http11NioProtocol - Starting ProtocolHandler ["http-nio-8080"]
2025-05-17 19:31:56 [main] INFO  o.s.b.w.e.tomcat.TomcatWebServer - Tomcat started on port 8080 (http) with context path '/'
2025-05-17 19:31:56 [main] INFO  com.bankingApp.j.JApplication - Started JApplication in 5.476 seconds (process running for 6.291)
2025-05-17 19:31:56 [registrationTask1] WARN  d.c.b.a.c.r.ApplicationRegistrator - Failed to register application as Application(name=j, managementUrl=http://5CD413013B:8080/actuator, healthUrl=http://5CD413013B:8080/actuator/health, serviceUrl=http://5CD413013B:8080/) at spring-boot-admin ([http://localhost:8081/instances]): I/O error on POST request for "http://localhost:8081/instances": null. Further attempts are logged on DEBUG level
2025-05-17 19:31:57 [RMI TCP Connection(2)-127.0.0.1] INFO  o.a.c.c.C.[Tomcat].[localhost].[/] - Initializing Spring DispatcherServlet 'dispatcherServlet'
2025-05-17 19:31:57 [RMI TCP Connection(2)-127.0.0.1] INFO  o.s.web.servlet.DispatcherServlet - Initializing Servlet 'dispatcherServlet'
2025-05-17 19:31:57 [RMI TCP Connection(2)-127.0.0.1] INFO  o.s.web.servlet.DispatcherServlet - Completed initialization in 1 ms
2025-05-17 19:33:22 [SpringApplicationShutdownHook] INFO  o.s.b.w.e.tomcat.GracefulShutdown - Commencing graceful shutdown. Waiting for active requests to complete
2025-05-17 19:33:22 [tomcat-shutdown] INFO  o.s.b.w.e.tomcat.GracefulShutdown - Graceful shutdown complete
2025-05-17 19:33:35 [main] INFO  com.bankingApp.j.JApplication - Starting JApplication using Java 21.0.6 with PID 2940 (C:\Users\10827937\OneDrive - LTIMindtree\Desktop\WorkSpaceProper\j\target\classes started by 10827937 in C:\Users\10827937\OneDrive - LTIMindtree\Desktop\WorkSpaceProper)
2025-05-17 19:33:35 [main] INFO  com.bankingApp.j.JApplication - No active profile set, falling back to 1 default profile: "default"
2025-05-17 19:33:37 [main] INFO  o.s.b.w.e.tomcat.TomcatWebServer - Tomcat initialized with port 8080 (http)
2025-05-17 19:33:37 [main] INFO  o.a.coyote.http11.Http11NioProtocol - Initializing ProtocolHandler ["http-nio-8080"]
2025-05-17 19:33:37 [main] INFO  o.a.catalina.core.StandardService - Starting service [Tomcat]
2025-05-17 19:33:37 [main] INFO  o.a.catalina.core.StandardEngine - Starting Servlet engine: [Apache Tomcat/10.1.40]
2025-05-17 19:33:37 [main] INFO  o.a.c.c.C.[Tomcat].[localhost].[/] - Initializing Spring embedded WebApplicationContext
2025-05-17 19:33:37 [main] INFO  o.s.b.w.s.c.ServletWebServerApplicationContext - Root WebApplicationContext: initialization completed in 2093 ms
2025-05-17 19:33:38 [main] INFO  o.s.v.b.OptionalValidatorFactoryBean - Failed to set up a Bean Validation provider: jakarta.validation.NoProviderFoundException: Unable to create a Configuration, because no Jakarta Bean Validation provider could be found. Add a provider like Hibernate Validator (RI) to your classpath.
2025-05-17 19:33:39 [main] INFO  o.s.b.a.e.web.EndpointLinksResolver - Exposing 15 endpoints beneath base path '/actuator'
2025-05-17 19:33:39 [main] INFO  o.a.coyote.http11.Http11NioProtocol - Starting ProtocolHandler ["http-nio-8080"]
2025-05-17 19:33:39 [main] INFO  o.s.b.w.e.tomcat.TomcatWebServer - Tomcat started on port 8080 (http) with context path '/'
2025-05-17 19:33:39 [main] INFO  com.bankingApp.j.JApplication - Started JApplication in 4.945 seconds (process running for 5.586)
2025-05-17 19:33:39 [registrationTask1] WARN  d.c.b.a.c.r.ApplicationRegistrator - Failed to register application as Application(name=j, managementUrl=http://5CD413013B:8080/actuator, healthUrl=http://5CD413013B:8080/actuator/health, serviceUrl=http://5CD413013B:8080/) at spring-boot-admin ([http://localhost:8081/instances]): I/O error on POST request for "http://localhost:8081/instances": null. Further attempts are logged on DEBUG level
2025-05-17 19:33:40 [RMI TCP Connection(2)-127.0.0.1] INFO  o.a.c.c.C.[Tomcat].[localhost].[/] - Initializing Spring DispatcherServlet 'dispatcherServlet'
2025-05-17 19:33:40 [RMI TCP Connection(2)-127.0.0.1] INFO  o.s.web.servlet.DispatcherServlet - Initializing Servlet 'dispatcherServlet'
2025-05-17 19:33:40 [RMI TCP Connection(2)-127.0.0.1] INFO  o.s.web.servlet.DispatcherServlet - Completed initialization in 1 ms
2025-05-17 19:34:34 [SpringApplicationShutdownHook] INFO  o.s.b.w.e.tomcat.GracefulShutdown - Commencing graceful shutdown. Waiting for active requests to complete
2025-05-17 19:34:34 [tomcat-shutdown] INFO  o.s.b.w.e.tomcat.GracefulShutdown - Graceful shutdown complete
2025-05-17T19:34:52.120+05:30  INFO 14776 --- [j] [main] com.bankingApp.j.JApplication            : Starting JApplication using Java 21.0.6 with PID 14776 (C:\Users\10827937\OneDrive - LTIMindtree\Desktop\WorkSpaceProper\j\target\classes started by 10827937 in C:\Users\10827937\OneDrive - LTIMindtree\Desktop\WorkSpaceProper)
2025-05-17T19:34:52.126+05:30  INFO 14776 --- [j] [main] com.bankingApp.j.JApplication            : No active profile set, falling back to 1 default profile: "default"
2025-05-17T19:34:54.455+05:30  INFO 14776 --- [j] [main] o.s.b.w.embedded.tomcat.TomcatWebServer  : Tomcat initialized with port 8080 (http)
2025-05-17T19:34:54.495+05:30  INFO 14776 --- [j] [main] o.apache.catalina.core.StandardService   : Starting service [Tomcat]
2025-05-17T19:34:54.496+05:30  INFO 14776 --- [j] [main] o.apache.catalina.core.StandardEngine    : Starting Servlet engine: [Apache Tomcat/10.1.40]
2025-05-17T19:34:54.592+05:30  INFO 14776 --- [j] [main] o.a.c.c.C.[Tomcat].[localhost].[/]       : Initializing Spring embedded WebApplicationContext
2025-05-17T19:34:54.593+05:30  INFO 14776 --- [j] [main] w.s.c.ServletWebServerApplicationContext : Root WebApplicationContext: initialization completed in 2393 ms
2025-05-17T19:34:55.514+05:30  INFO 14776 --- [j] [main] o.s.v.b.OptionalValidatorFactoryBean     : Failed to set up a Bean Validation provider: jakarta.validation.NoProviderFoundException: Unable to create a Configuration, because no Jakarta Bean Validation provider could be found. Add a provider like Hibernate Validator (RI) to your classpath.
2025-05-17T19:34:57.064+05:30  INFO 14776 --- [j] [main] o.s.b.a.e.web.EndpointLinksResolver      : Exposing 15 endpoints beneath base path '/actuator'
2025-05-17T19:34:57.159+05:30  INFO 14776 --- [j] [main] o.s.b.w.embedded.tomcat.TomcatWebServer  : Tomcat started on port 8080 (http) with context path '/'
2025-05-17T19:34:57.170+05:30  INFO 14776 --- [j] [main] com.bankingApp.j.JApplication            : Started JApplication in 5.69 seconds (process running for 6.428)
2025-05-17T19:34:57.372+05:30  WARN 14776 --- [j] [registrationTask1] d.c.b.a.c.r.ApplicationRegistrator       : Failed to register application as Application(name=j, managementUrl=http://5CD413013B:8080/actuator, healthUrl=http://5CD413013B:8080/actuator/health, serviceUrl=http://5CD413013B:8080/) at spring-boot-admin ([http://localhost:8081/instances]): I/O error on POST request for "http://localhost:8081/instances": null. Further attempts are logged on DEBUG level
2025-05-17T19:34:57.705+05:30  INFO 14776 --- [j] [RMI TCP Connection(2)-127.0.0.1] o.a.c.c.C.[Tomcat].[localhost].[/]       : Initializing Spring DispatcherServlet 'dispatcherServlet'
2025-05-17T19:34:57.706+05:30  INFO 14776 --- [j] [RMI TCP Connection(2)-127.0.0.1] o.s.web.servlet.DispatcherServlet        : Initializing Servlet 'dispatcherServlet'
2025-05-17T19:34:57.707+05:30  INFO 14776 --- [j] [RMI TCP Connection(2)-127.0.0.1] o.s.web.servlet.DispatcherServlet        : Completed initialization in 1 ms
2025-05-17T19:36:07.692+05:30  INFO 14776 --- [j] [SpringApplicationShutdownHook] o.s.b.w.e.tomcat.GracefulShutdown        : Commencing graceful shutdown. Waiting for active requests to complete
2025-05-17T19:36:07.698+05:30  INFO 14776 --- [j] [tomcat-shutdown] o.s.b.w.e.tomcat.GracefulShutdown        : Graceful shutdown complete
2025-05-17 19:36:14 [main] INFO  com.bankingApp.j.JApplication - Starting JApplication using Java 21.0.6 with PID 11744 (C:\Users\10827937\OneDrive - LTIMindtree\Desktop\WorkSpaceProper\j\target\classes started by 10827937 in C:\Users\10827937\OneDrive - LTIMindtree\Desktop\WorkSpaceProper)
2025-05-17 19:36:14 [main] INFO  com.bankingApp.j.JApplication - No active profile set, falling back to 1 default profile: "default"
2025-05-17 19:36:16 [main] INFO  o.s.b.w.e.tomcat.TomcatWebServer - Tomcat initialized with port 8080 (http)
2025-05-17 19:36:16 [main] INFO  o.a.coyote.http11.Http11NioProtocol - Initializing ProtocolHandler ["http-nio-8080"]
2025-05-17 19:36:16 [main] INFO  o.a.catalina.core.StandardService - Starting service [Tomcat]
2025-05-17 19:36:16 [main] INFO  o.a.catalina.core.StandardEngine - Starting Servlet engine: [Apache Tomcat/10.1.40]
2025-05-17 19:36:16 [main] INFO  o.a.c.c.C.[Tomcat].[localhost].[/] - Initializing Spring embedded WebApplicationContext
2025-05-17 19:36:16 [main] INFO  o.s.b.w.s.c.ServletWebServerApplicationContext - Root WebApplicationContext: initialization completed in 2329 ms
2025-05-17 19:36:17 [main] INFO  o.s.v.b.OptionalValidatorFactoryBean - Failed to set up a Bean Validation provider: jakarta.validation.NoProviderFoundException: Unable to create a Configuration, because no Jakarta Bean Validation provider could be found. Add a provider like Hibernate Validator (RI) to your classpath.
2025-05-17 19:36:18 [main] INFO  o.s.b.a.e.web.EndpointLinksResolver - Exposing 15 endpoints beneath base path '/actuator'
2025-05-17 19:36:18 [main] INFO  o.a.coyote.http11.Http11NioProtocol - Starting ProtocolHandler ["http-nio-8080"]
2025-05-17 19:36:18 [main] INFO  o.s.b.w.e.tomcat.TomcatWebServer - Tomcat started on port 8080 (http) with context path '/'
2025-05-17 19:36:18 [main] INFO  com.bankingApp.j.JApplication - Started JApplication in 5.24 seconds (process running for 6.15)
2025-05-17 19:36:18 [registrationTask1] WARN  d.c.b.a.c.r.ApplicationRegistrator - Failed to register application as Application(name=j, managementUrl=http://5CD413013B:8080/actuator, healthUrl=http://5CD413013B:8080/actuator/health, serviceUrl=http://5CD413013B:8080/) at spring-boot-admin ([http://localhost:8081/instances]): I/O error on POST request for "http://localhost:8081/instances": null. Further attempts are logged on DEBUG level
2025-05-17 19:36:19 [RMI TCP Connection(2)-127.0.0.1] INFO  o.a.c.c.C.[Tomcat].[localhost].[/] - Initializing Spring DispatcherServlet 'dispatcherServlet'
2025-05-17 19:36:19 [RMI TCP Connection(2)-127.0.0.1] INFO  o.s.web.servlet.DispatcherServlet - Initializing Servlet 'dispatcherServlet'
2025-05-17 19:36:19 [RMI TCP Connection(2)-127.0.0.1] INFO  o.s.web.servlet.DispatcherServlet - Completed initialization in 0 ms
2025-05-17 19:42:07 [http-nio-8080-exec-1] INFO  o.a.tomcat.util.http.parser.Cookie - A cookie header was received [${jndi:dns://MDEDiscoverya797e5c1a7Cookie-8080}] that contained an invalid cookie. That cookie will be ignored.
 Note: further occurrences of this error will be logged at DEBUG level.
2025-05-17 19:42:08 [http-nio-8080-exec-9] INFO  o.a.coyote.http11.Http11Processor - Error parsing HTTP request header
 Note: further occurrences of HTTP request parsing errors will be logged at DEBUG level.
java.lang.IllegalArgumentException: Invalid character found in the request target [/js/?${jndi:dns://MDEDiscoverya797e5c1a7SeenInTheWildGet-8080} ]. The valid characters are defined in RFC 7230 and RFC 3986
	at org.apache.coyote.http11.Http11InputBuffer.parseRequestLine(Http11InputBuffer.java:478)
	at org.apache.coyote.http11.Http11Processor.service(Http11Processor.java:271)
	at org.apache.coyote.AbstractProcessorLight.process(AbstractProcessorLight.java:63)
	at org.apache.coyote.AbstractProtocol$ConnectionHandler.process(AbstractProtocol.java:903)
	at org.apache.tomcat.util.net.NioEndpoint$SocketProcessor.doRun(NioEndpoint.java:1740)
	at org.apache.tomcat.util.net.SocketProcessorBase.run(SocketProcessorBase.java:52)
	at org.apache.tomcat.util.threads.ThreadPoolExecutor.runWorker(ThreadPoolExecutor.java:1189)
	at org.apache.tomcat.util.threads.ThreadPoolExecutor$Worker.run(ThreadPoolExecutor.java:658)
	at org.apache.tomcat.util.threads.TaskThread$WrappingRunnable.run(TaskThread.java:63)
	at java.base/java.lang.Thread.run(Thread.java:1583)
2025-05-17 19:42:10 [http-nio-8080-exec-5] INFO  o.a.coyote.http11.Http11Processor - Error parsing HTTP request header
 Note: further occurrences of HTTP request parsing errors will be logged at DEBUG level.
java.lang.IllegalArgumentException: Invalid character found in the request target [/struts2-showcase/${jndi:dns://MDEDiscoverya797e5c1a7ApacheStruts2-8080} ]. The valid characters are defined in RFC 7230 and RFC 3986
	at org.apache.coyote.http11.Http11InputBuffer.parseRequestLine(Http11InputBuffer.java:486)
	at org.apache.coyote.http11.Http11Processor.service(Http11Processor.java:271)
	at org.apache.coyote.AbstractProcessorLight.process(AbstractProcessorLight.java:63)
	at org.apache.coyote.AbstractProtocol$ConnectionHandler.process(AbstractProtocol.java:903)
	at org.apache.tomcat.util.net.NioEndpoint$SocketProcessor.doRun(NioEndpoint.java:1740)
	at org.apache.tomcat.util.net.SocketProcessorBase.run(SocketProcessorBase.java:52)
	at org.apache.tomcat.util.threads.ThreadPoolExecutor.runWorker(ThreadPoolExecutor.java:1189)
	at org.apache.tomcat.util.threads.ThreadPoolExecutor$Worker.run(ThreadPoolExecutor.java:658)
	at org.apache.tomcat.util.threads.TaskThread$WrappingRunnable.run(TaskThread.java:63)
	at java.base/java.lang.Thread.run(Thread.java:1583)
2025-05-17 19:42:10 [http-nio-8080-exec-7] INFO  o.a.coyote.http11.Http11Processor - Error parsing HTTP request header
 Note: further occurrences of HTTP request parsing errors will be logged at DEBUG level.
java.lang.IllegalArgumentException: Invalid character found in the request target [/analytics/telemetry/ph/api/hyper/send?_c=${jndi:dns://MDEDiscoverya797e5c1a7VMwarevCenter-8080}&i=test ]. The valid characters are defined in RFC 7230 and RFC 3986
	at org.apache.coyote.http11.Http11InputBuffer.parseRequestLine(Http11InputBuffer.java:478)
	at org.apache.coyote.http11.Http11Processor.service(Http11Processor.java:271)
	at org.apache.coyote.AbstractProcessorLight.process(AbstractProcessorLight.java:63)
	at org.apache.coyote.AbstractProtocol$ConnectionHandler.process(AbstractProtocol.java:903)
	at org.apache.tomcat.util.net.NioEndpoint$SocketProcessor.doRun(NioEndpoint.java:1740)
	at org.apache.tomcat.util.net.SocketProcessorBase.run(SocketProcessorBase.java:52)
	at org.apache.tomcat.util.threads.ThreadPoolExecutor.runWorker(ThreadPoolExecutor.java:1189)
	at org.apache.tomcat.util.threads.ThreadPoolExecutor$Worker.run(ThreadPoolExecutor.java:658)
	at org.apache.tomcat.util.threads.TaskThread$WrappingRunnable.run(TaskThread.java:63)
	at java.base/java.lang.Thread.run(Thread.java:1583)
2025-05-17 19:42:10 [http-nio-8080-exec-4] INFO  o.a.coyote.http11.Http11Processor - Error parsing HTTP request header
 Note: further occurrences of HTTP request parsing errors will be logged at DEBUG level.
java.lang.IllegalArgumentException: Invalid character found in the request target [/api/v2/${jndi:dns://MDEDiscoverya797e5c1a7SeenInTheWildGet-8080} ]. The valid characters are defined in RFC 7230 and RFC 3986
	at org.apache.coyote.http11.Http11InputBuffer.parseRequestLine(Http11InputBuffer.java:486)
	at org.apache.coyote.http11.Http11Processor.service(Http11Processor.java:271)
	at org.apache.coyote.AbstractProcessorLight.process(AbstractProcessorLight.java:63)
	at org.apache.coyote.AbstractProtocol$ConnectionHandler.process(AbstractProtocol.java:903)
	at org.apache.tomcat.util.net.NioEndpoint$SocketProcessor.doRun(NioEndpoint.java:1740)
	at org.apache.tomcat.util.net.SocketProcessorBase.run(SocketProcessorBase.java:52)
	at org.apache.tomcat.util.threads.ThreadPoolExecutor.runWorker(ThreadPoolExecutor.java:1189)
	at org.apache.tomcat.util.threads.ThreadPoolExecutor$Worker.run(ThreadPoolExecutor.java:658)
	at org.apache.tomcat.util.threads.TaskThread$WrappingRunnable.run(TaskThread.java:63)
	at java.base/java.lang.Thread.run(Thread.java:1583)
2025-05-17 19:42:10 [http-nio-8080-exec-2] WARN  o.s.w.s.m.s.DefaultHandlerExceptionResolver - Resolved [org.springframework.web.HttpRequestMethodNotSupportedException: Request method 'POST' is not supported]
2025-05-17 19:42:12 [http-nio-8080-exec-9] WARN  o.s.w.s.m.s.DefaultHandlerExceptionResolver - Resolved [org.springframework.web.HttpRequestMethodNotSupportedException: Request method 'POST' is not supported]
2025-05-17 19:42:22 [SpringApplicationShutdownHook] INFO  o.s.b.w.e.tomcat.GracefulShutdown - Commencing graceful shutdown. Waiting for active requests to complete
2025-05-17 19:42:22 [tomcat-shutdown] INFO  o.s.b.w.e.tomcat.GracefulShutdown - Graceful shutdown complete
2025-05-17T19:42:26.468+05:30  INFO 19356 --- [j] [main] com.bankingApp.j.JApplication            : Starting JApplication using Java 21.0.6 with PID 19356 (C:\Users\10827937\OneDrive - LTIMindtree\Desktop\WorkSpaceProper\j\target\classes started by 10827937 in C:\Users\10827937\OneDrive - LTIMindtree\Desktop\WorkSpaceProper)
2025-05-17T19:42:26.472+05:30  INFO 19356 --- [j] [main] com.bankingApp.j.JApplication            : No active profile set, falling back to 1 default profile: "default"
2025-05-17T19:42:29.501+05:30  INFO 19356 --- [j] [main] o.s.b.w.embedded.tomcat.TomcatWebServer  : Tomcat initialized with port 8080 (http)
2025-05-17T19:42:29.540+05:30  INFO 19356 --- [j] [main] o.apache.catalina.core.StandardService   : Starting service [Tomcat]
2025-05-17T19:42:29.542+05:30  INFO 19356 --- [j] [main] o.apache.catalina.core.StandardEngine    : Starting Servlet engine: [Apache Tomcat/10.1.40]
2025-05-17T19:42:29.667+05:30  INFO 19356 --- [j] [main] o.a.c.c.C.[Tomcat].[localhost].[/]       : Initializing Spring embedded WebApplicationContext
2025-05-17T19:42:29.670+05:30  INFO 19356 --- [j] [main] w.s.c.ServletWebServerApplicationContext : Root WebApplicationContext: initialization completed in 3114 ms
2025-05-17T19:42:30.693+05:30  INFO 19356 --- [j] [main] o.s.v.b.OptionalValidatorFactoryBean     : Failed to set up a Bean Validation provider: jakarta.validation.NoProviderFoundException: Unable to create a Configuration, because no Jakarta Bean Validation provider could be found. Add a provider like Hibernate Validator (RI) to your classpath.
2025-05-17T19:42:32.482+05:30  INFO 19356 --- [j] [main] o.s.b.a.e.web.EndpointLinksResolver      : Exposing 15 endpoints beneath base path '/actuator'
2025-05-17T19:42:32.626+05:30  INFO 19356 --- [j] [main] o.s.b.w.embedded.tomcat.TomcatWebServer  : Tomcat started on port 8080 (http) with context path '/'
2025-05-17T19:42:32.643+05:30  INFO 19356 --- [j] [main] com.bankingApp.j.JApplication            : Started JApplication in 6.86 seconds (process running for 7.821)
2025-05-17T19:42:32.809+05:30  WARN 19356 --- [j] [registrationTask1] d.c.b.a.c.r.ApplicationRegistrator       : Failed to register application as Application(name=j, managementUrl=http://5CD413013B:8080/actuator, healthUrl=http://5CD413013B:8080/actuator/health, serviceUrl=http://5CD413013B:8080/) at spring-boot-admin ([http://localhost:8081/instances]): I/O error on POST request for "http://localhost:8081/instances": null. Further attempts are logged on DEBUG level
2025-05-17T19:42:34.789+05:30  INFO 19356 --- [j] [RMI TCP Connection(2)-127.0.0.1] o.a.c.c.C.[Tomcat].[localhost].[/]       : Initializing Spring DispatcherServlet 'dispatcherServlet'
2025-05-17T19:42:34.790+05:30  INFO 19356 --- [j] [RMI TCP Connection(2)-127.0.0.1] o.s.web.servlet.DispatcherServlet        : Initializing Servlet 'dispatcherServlet'
2025-05-17T19:42:34.791+05:30  INFO 19356 --- [j] [RMI TCP Connection(2)-127.0.0.1] o.s.web.servlet.DispatcherServlet        : Completed initialization in 1 ms
2025-05-17T19:43:23.040+05:30  INFO 19356 --- [j] [SpringApplicationShutdownHook] o.s.b.w.e.tomcat.GracefulShutdown        : Commencing graceful shutdown. Waiting for active requests to complete
2025-05-17T19:43:23.048+05:30  INFO 19356 --- [j] [tomcat-shutdown] o.s.b.w.e.tomcat.GracefulShutdown        : Graceful shutdown complete
